<?xml version="1.0" encoding="UTF-8"?>
<testsuite xmlns:xsi="http://www.w3.org/2001/XMLSchema-instance" xsi:noNamespaceSchemaLocation="https://maven.apache.org/surefire/maven-surefire-plugin/xsd/surefire-test-report-3.0.xsd" version="3.0" name="br.edu.utfpr.api.ApiApplicationTests" time="21.171" tests="1" errors="0" skipped="0" failures="0">
  <properties>
[...]
</properties>
  <testcase name="contextLoads" classname="br.edu.utfpr.api.ApiApplicationTests" time="1.127">
    <system-out><![CDATA[19:45:48.816 [main] INFO org.springframework.test.context.support.AnnotationConfigContextLoaderUtils -- Could not detect default configuration classes for test class [br.edu.utfpr.api.ApiApplicationTests]: ApiApplicationTests does not declare any static, non-private, non-final, nested classes annotated with @Configuration.
19:45:49.112 [main] INFO org.springframework.boot.test.context.SpringBootTestContextBootstrapper -- Found @SpringBootConfiguration br.edu.utfpr.api.ApiApplication for test class br.edu.utfpr.api.ApiApplicationTests
19:45:49.523 [main] INFO org.springframework.boot.devtools.restart.RestartApplicationListener -- Restart disabled due to context in which it is running

  .   ____          _            __ _ _
 /\\ / ___'_ __ _ _(_)_ __  __ _ \ \ \ \
( ( )\___ | '_ | '_| | '_ \/ _` | \ \ \ \
 \\/  ___)| |_)| | | | | || (_| |  ) ) ) )
  '  |____| .__|_| |_|_| |_\__, | / / / /
 =========|_|==============|___/=/_/_/_/
 :: Spring Boot ::                (v3.2.4)

2024-06-13T19:45:50.212-03:00  INFO 9856 --- [api] [           main] br.edu.utfpr.api.ApiApplicationTests     : Starting ApiApplicationTests using Java 17.0.10 with PID 9856 (started by Ana Jungbluth in D:\TopicosAvancadosEmComputacao\Aula_API_SB\api)
2024-06-13T19:45:50.218-03:00  INFO 9856 --- [api] [           main] br.edu.utfpr.api.ApiApplicationTests     : No active profile set, falling back to 1 default profile: "default"
2024-06-13T19:45:52.482-03:00  INFO 9856 --- [api] [           main] .s.d.r.c.RepositoryConfigurationDelegate : Bootstrapping Spring Data JPA repositories in DEFAULT mode.
2024-06-13T19:45:52.704-03:00  INFO 9856 --- [api] [           main] .s.d.r.c.RepositoryConfigurationDelegate : Finished Spring Data repository scanning in 194 ms. Found 6 JPA repository interfaces.
2024-06-13T19:45:54.336-03:00  INFO 9856 --- [api] [           main] o.hibernate.jpa.internal.util.LogHelper  : HHH000204: Processing PersistenceUnitInfo [name: default]
2024-06-13T19:45:54.531-03:00  INFO 9856 --- [api] [           main] org.hibernate.Version                    : HHH000412: Hibernate ORM core version 6.4.4.Final
2024-06-13T19:45:54.623-03:00  INFO 9856 --- [api] [           main] o.h.c.internal.RegionFactoryInitiator    : HHH000026: Second-level cache disabled
2024-06-13T19:45:55.433-03:00  INFO 9856 --- [api] [           main] o.s.o.j.p.SpringPersistenceUnitInfo      : No LoadTimeWeaver setup: ignoring JPA class transformer
2024-06-13T19:45:55.493-03:00  INFO 9856 --- [api] [           main] com.zaxxer.hikari.HikariDataSource       : HikariPool-1 - Starting...
2024-06-13T19:45:58.419-03:00  INFO 9856 --- [api] [           main] com.zaxxer.hikari.pool.HikariPool        : HikariPool-1 - Added connection org.postgresql.jdbc.PgConnection@5f883d90
2024-06-13T19:45:58.423-03:00  INFO 9856 --- [api] [           main] com.zaxxer.hikari.HikariDataSource       : HikariPool-1 - Start completed.
2024-06-13T19:46:01.903-03:00  INFO 9856 --- [api] [           main] o.h.e.t.j.p.i.JtaPlatformInitiator       : HHH000489: No JTA platform available (set 'hibernate.transaction.jta.platform' to enable JTA platform integration)
Hibernate: alter table if exists tb_atuador drop constraint if exists FKjlnesml3cprl8cf02wm5bwkqt
Hibernate: alter table if exists tb_dispositivo drop constraint if exists FK7rae6u2x29rhkeq2iik1bxqcm
Hibernate: alter table if exists tb_gateway drop constraint if exists FK8527kspdsyqdmba709g39bi2l
Hibernate: alter table if exists tb_leitura drop constraint if exists FKs62mweeai4y8lbmj5y04ll03d
Hibernate: alter table if exists tb_sensor drop constraint if exists FK32symxelj3egkbn3f25r8ghqo
Hibernate: drop table if exists tb_atuador cascade
Hibernate: drop table if exists tb_dispositivo cascade
Hibernate: drop table if exists tb_gateway cascade
Hibernate: drop table if exists tb_leitura cascade
Hibernate: drop table if exists tb_pessoa cascade
Hibernate: drop table if exists tb_sensor cascade
Hibernate: create table tb_atuador (atuadorid bigserial not null, dispositivo_id bigint, nome varchar(255) not null, primary key (atuadorid))
Hibernate: create table tb_dispositivo (dispositivoid bigserial not null, gateway_id bigint, descricao varchar(255) not null, localizacao varchar(255) not null, nome varchar(255) not null, primary key (dispositivoid))
Hibernate: create table tb_gateway (gatewayid bigserial not null, pessoa_id bigint, descricao varchar(255) not null, nome varchar(255) not null, primary key (gatewayid))
Hibernate: create table tb_leitura (data_hora timestamp(6) not null, leituraid bigserial not null, sensor_id bigint, valor varchar(255) not null, primary key (leituraid))
Hibernate: create table tb_pessoa (pessoaid bigserial not null, email varchar(255) not null unique, nome varchar(255) not null, senha varchar(255) not null, primary key (pessoaid))
Hibernate: create table tb_sensor (dispositivo_id bigint, sensorid bigserial not null, nome varchar(255) not null, tipo varchar(255) not null, primary key (sensorid))
Hibernate: alter table if exists tb_atuador add constraint FKjlnesml3cprl8cf02wm5bwkqt foreign key (dispositivo_id) references tb_dispositivo
Hibernate: alter table if exists tb_dispositivo add constraint FK7rae6u2x29rhkeq2iik1bxqcm foreign key (gateway_id) references tb_gateway
Hibernate: alter table if exists tb_gateway add constraint FK8527kspdsyqdmba709g39bi2l foreign key (pessoa_id) references tb_pessoa
Hibernate: alter table if exists tb_leitura add constraint FKs62mweeai4y8lbmj5y04ll03d foreign key (sensor_id) references tb_sensor
Hibernate: alter table if exists tb_sensor add constraint FK32symxelj3egkbn3f25r8ghqo foreign key (dispositivo_id) references tb_dispositivo
2024-06-13T19:46:03.484-03:00  INFO 9856 --- [api] [           main] j.LocalContainerEntityManagerFactoryBean : Initialized JPA EntityManagerFactory for persistence unit 'default'
2024-06-13T19:46:04.331-03:00  INFO 9856 --- [api] [           main] o.s.d.j.r.query.QueryEnhancerFactory     : Hibernate is in classpath; If applicable, HQL parser will be used.
2024-06-13T19:46:07.014-03:00  INFO 9856 --- [api] [           main] o.s.s.web.DefaultSecurityFilterChain     : Will secure any request with [org.springframework.security.web.session.DisableEncodeUrlFilter@1495f70, org.springframework.security.web.context.request.async.WebAsyncManagerIntegrationFilter@2aa85cc4, org.springframework.security.web.context.SecurityContextHolderFilter@4a577b99, org.springframework.security.web.header.HeaderWriterFilter@762e3836, org.springframework.web.filter.CorsFilter@1f15d346, org.springframework.security.web.authentication.logout.LogoutFilter@7315264e, br.edu.utfpr.api.security.JwtAuthenticationFilter@13231e7b, org.springframework.security.web.savedrequest.RequestCacheAwareFilter@50c442a5, org.springframework.security.web.servletapi.SecurityContextHolderAwareRequestFilter@4eb313ed, org.springframework.security.web.authentication.AnonymousAuthenticationFilter@466fd19b, org.springframework.security.web.session.SessionManagementFilter@12939937, org.springframework.security.web.access.ExceptionTranslationFilter@5c6fae3c, org.springframework.security.web.access.intercept.AuthorizationFilter@28806954]
2024-06-13T19:46:08.427-03:00  INFO 9856 --- [api] [           main] br.edu.utfpr.api.ApiApplicationTests     : Started ApiApplicationTests in 18.93 seconds (process running for 21.77)
]]></system-out>
  </testcase>
</testsuite>